<?xml version="1.0" encoding="UTF-8"?>
<testng-results ignored="0" total="4" passed="4" failed="0" skipped="0">
  <reporter-output>
  </reporter-output>
  <suite started-at="2023-04-14T11:34:51 IST" name="Suite" finished-at="2023-04-14T11:34:51 IST" duration-ms="107">
    <groups>
    </groups>
    <test started-at="2023-04-14T11:34:51 IST" name="Test" finished-at="2023-04-14T11:34:51 IST" duration-ms="107">
      <class name="testPackage.Test3">
        <test-method is-config="true" signature="beforeSuite()[pri:0, instance:testPackage.Test3@6bedbc4d]" started-at="2023-04-14T11:34:51 IST" name="beforeSuite" finished-at="2023-04-14T11:34:51 IST" duration-ms="8" status="PASS">
          <reporter-output>
          </reporter-output>
        </test-method> <!-- beforeSuite -->
        <test-method is-config="true" signature="beforeTest()[pri:0, instance:testPackage.Test3@6bedbc4d]" started-at="2023-04-14T11:34:51 IST" name="beforeTest" finished-at="2023-04-14T11:34:51 IST" duration-ms="0" status="PASS">
          <reporter-output>
          </reporter-output>
        </test-method> <!-- beforeTest -->
        <test-method is-config="true" signature="beforeMethod()[pri:0, instance:testPackage.Test3@6bedbc4d]" started-at="2023-04-14T11:34:51 IST" name="beforeMethod" finished-at="2023-04-14T11:34:51 IST" duration-ms="0" status="PASS">
          <reporter-output>
          </reporter-output>
        </test-method> <!-- beforeMethod -->
        <test-method signature="greeting2(java.lang.String)[pri:0, instance:testPackage.Test3@6bedbc4d]" started-at="2023-04-14T11:34:51 IST" name="greeting2" finished-at="2023-04-14T11:34:51 IST" duration-ms="7" status="PASS">
          <params>
            <param index="0">
              <value>
                <![CDATA[mugilan]]>
              </value>
            </param>
          </params>
          <reporter-output>
          </reporter-output>
        </test-method> <!-- greeting2 -->
        <test-method is-config="true" signature="afterMethod()[pri:0, instance:testPackage.Test3@6bedbc4d]" started-at="2023-04-14T11:34:51 IST" name="afterMethod" finished-at="2023-04-14T11:34:51 IST" duration-ms="2" status="PASS">
          <reporter-output>
          </reporter-output>
        </test-method> <!-- afterMethod -->
        <test-method is-config="true" signature="beforeMethod()[pri:0, instance:testPackage.Test3@6bedbc4d]" started-at="2023-04-14T11:34:51 IST" name="beforeMethod" finished-at="2023-04-14T11:34:51 IST" duration-ms="1" status="PASS">
          <reporter-output>
          </reporter-output>
        </test-method> <!-- beforeMethod -->
        <test-method signature="greeting3(java.lang.String,java.lang.String)[pri:0, instance:testPackage.Test3@6bedbc4d]" started-at="2023-04-14T11:34:51 IST" name="greeting3" data-provider="getData" finished-at="2023-04-14T11:34:51 IST" duration-ms="8" status="PASS">
          <params>
            <param index="0">
              <value>
                <![CDATA[FirstUsername]]>
              </value>
            </param>
            <param index="1">
              <value>
                <![CDATA[FirstPassword]]>
              </value>
            </param>
          </params>
          <reporter-output>
          </reporter-output>
        </test-method> <!-- greeting3 -->
        <test-method is-config="true" signature="afterMethod()[pri:0, instance:testPackage.Test3@6bedbc4d]" started-at="2023-04-14T11:34:51 IST" name="afterMethod" finished-at="2023-04-14T11:34:51 IST" duration-ms="1" status="PASS">
          <reporter-output>
          </reporter-output>
        </test-method> <!-- afterMethod -->
        <test-method is-config="true" signature="beforeMethod()[pri:0, instance:testPackage.Test3@6bedbc4d]" started-at="2023-04-14T11:34:51 IST" name="beforeMethod" finished-at="2023-04-14T11:34:51 IST" duration-ms="1" status="PASS">
          <reporter-output>
          </reporter-output>
        </test-method> <!-- beforeMethod -->
        <test-method signature="greeting3(java.lang.String,java.lang.String)[pri:0, instance:testPackage.Test3@6bedbc4d]" started-at="2023-04-14T11:34:51 IST" name="greeting3" data-provider="getData" finished-at="2023-04-14T11:34:51 IST" duration-ms="3" status="PASS">
          <params>
            <param index="0">
              <value>
                <![CDATA[SecondUsername]]>
              </value>
            </param>
            <param index="1">
              <value>
                <![CDATA[SecondPassword]]>
              </value>
            </param>
          </params>
          <reporter-output>
          </reporter-output>
        </test-method> <!-- greeting3 -->
        <test-method is-config="true" signature="afterMethod()[pri:0, instance:testPackage.Test3@6bedbc4d]" started-at="2023-04-14T11:34:51 IST" name="afterMethod" finished-at="2023-04-14T11:34:51 IST" duration-ms="0" status="PASS">
          <reporter-output>
          </reporter-output>
        </test-method> <!-- afterMethod -->
        <test-method signature="greeting3(java.lang.String,java.lang.String)[pri:0, instance:testPackage.Test3@6bedbc4d]" started-at="2023-04-14T11:34:51 IST" name="greeting3" data-provider="getData" finished-at="2023-04-14T11:34:51 IST" duration-ms="3" status="PASS">
          <params>
            <param index="0">
              <value>
                <![CDATA[ThirdUsername]]>
              </value>
            </param>
            <param index="1">
              <value>
                <![CDATA[ThirdPassword]]>
              </value>
            </param>
          </params>
          <reporter-output>
          </reporter-output>
        </test-method> <!-- greeting3 -->
        <test-method is-config="true" signature="beforeMethod()[pri:0, instance:testPackage.Test3@6bedbc4d]" started-at="2023-04-14T11:34:51 IST" name="beforeMethod" finished-at="2023-04-14T11:34:51 IST" duration-ms="0" status="PASS">
          <reporter-output>
          </reporter-output>
        </test-method> <!-- beforeMethod -->
        <test-method is-config="true" signature="afterMethod()[pri:0, instance:testPackage.Test3@6bedbc4d]" started-at="2023-04-14T11:34:51 IST" name="afterMethod" finished-at="2023-04-14T11:34:51 IST" duration-ms="2" status="PASS">
          <reporter-output>
          </reporter-output>
        </test-method> <!-- afterMethod -->
        <test-method is-config="true" signature="afterTest()[pri:0, instance:testPackage.Test3@6bedbc4d]" started-at="2023-04-14T11:34:51 IST" name="afterTest" finished-at="2023-04-14T11:34:51 IST" duration-ms="0" status="PASS">
          <reporter-output>
          </reporter-output>
        </test-method> <!-- afterTest -->
        <test-method is-config="true" signature="afterSuite()[pri:0, instance:testPackage.Test3@6bedbc4d]" started-at="2023-04-14T11:34:51 IST" name="afterSuite" finished-at="2023-04-14T11:34:51 IST" duration-ms="1" status="PASS">
          <reporter-output>
          </reporter-output>
        </test-method> <!-- afterSuite -->
      </class> <!-- testPackage.Test3 -->
    </test> <!-- Test -->
  </suite> <!-- Suite -->
</testng-results>
