<?xml version="1.0" encoding="UTF-8"?>
<testng-results ignored="0" total="1" passed="1" failed="0" skipped="0">
  <reporter-output>
  </reporter-output>
  <suite started-at="2023-04-14T15:29:55Z" name="Default suite" finished-at="2023-04-14T15:30:32Z" duration-ms="37753">
    <groups>
    </groups>
    <test started-at="2023-04-14T15:29:55Z" name="Default test" finished-at="2023-04-14T15:30:32Z" duration-ms="37753">
      <class name="seleniumHandson.LoginWithoutFindBy">
        <test-method signature="login()[pri:0, instance:seleniumHandson.LoginWithoutFindBy@7582ff54]" started-at="2023-04-14T15:29:55Z" name="login" finished-at="2023-04-14T15:30:32Z" duration-ms="37701" status="PASS">
          <reporter-output>
          </reporter-output>
        </test-method> <!-- login -->
      </class> <!-- seleniumHandson.LoginWithoutFindBy -->
    </test> <!-- Default test -->
  </suite> <!-- Default suite -->
</testng-results>
