<?xml version="1.0" encoding="UTF-8"?>
<testng-results ignored="0" total="3" passed="3" failed="0" skipped="0">
  <reporter-output>
  </reporter-output>
  <suite started-at="2023-04-17T09:34:36 IST" name="Default suite" finished-at="2023-04-17T09:34:41 IST" duration-ms="5885">
    <groups>
    </groups>
    <test started-at="2023-04-17T09:34:36 IST" name="Default test" finished-at="2023-04-17T09:34:41 IST" duration-ms="5885">
      <class name="seleniumTest.ExtentReport">
        <test-method is-config="true" signature="initializeChrome()[pri:0, instance:seleniumTest.ExtentReport@1b11171f]" started-at="2023-04-17T09:34:30 IST" name="initializeChrome" finished-at="2023-04-17T09:34:36 IST" duration-ms="5383" status="PASS">
          <reporter-output>
          </reporter-output>
        </test-method> <!-- initializeChrome -->
        <test-method signature="openBing()[pri:0, instance:seleniumTest.ExtentReport@1b11171f]" started-at="2023-04-17T09:34:36 IST" name="openBing" finished-at="2023-04-17T09:34:37 IST" duration-ms="1278" status="PASS">
          <reporter-output>
          </reporter-output>
        </test-method> <!-- openBing -->
        <test-method signature="openGoogle()[pri:0, instance:seleniumTest.ExtentReport@1b11171f]" started-at="2023-04-17T09:34:37 IST" name="openGoogle" finished-at="2023-04-17T09:34:39 IST" duration-ms="2549" status="PASS">
          <reporter-output>
          </reporter-output>
        </test-method> <!-- openGoogle -->
        <test-method signature="openWikipedia()[pri:0, instance:seleniumTest.ExtentReport@1b11171f]" started-at="2023-04-17T09:34:39 IST" name="openWikipedia" finished-at="2023-04-17T09:34:41 IST" duration-ms="1986" status="PASS">
          <reporter-output>
          </reporter-output>
        </test-method> <!-- openWikipedia -->
        <test-method is-config="true" signature="closeBrowser()[pri:0, instance:seleniumTest.ExtentReport@1b11171f]" started-at="2023-04-17T09:34:42 IST" name="closeBrowser" finished-at="2023-04-17T09:34:42 IST" duration-ms="690" status="PASS">
          <reporter-output>
          </reporter-output>
        </test-method> <!-- closeBrowser -->
      </class> <!-- seleniumTest.ExtentReport -->
    </test> <!-- Default test -->
  </suite> <!-- Default suite -->
</testng-results>
