<?xml version="1.0" encoding="UTF-8"?>
<!-- Generated by org.testng.reporters.JUnitXMLReporter -->
<testsuite ignored="2" hostname="DESKTOP-C65HEKO" failures="0" tests="1" name="Days" time="0.009" errors="0" timestamp="2023-04-11T20:46:14 IST">
  <testcase classname="testPackage.Test4" name="day1" time="0.002"/>
  <testcase classname="testPackage.Test4" name="Monthday3" time="0.0">
    <ignored/>
  </testcase> <!-- Monthday3 -->
  <testcase classname="testPackage.Test4" name="Monthday2" time="0.0">
    <ignored/>
  </testcase> <!-- Monthday2 -->
</testsuite> <!-- Days -->
