<?xml version="1.0" encoding="UTF-8"?>
<!-- Generated by org.testng.reporters.JUnitXMLReporter -->
<testsuite ignored="0" hostname="DESKTOP-C65HEKO" failures="0" tests="4" name="Test" time="0.107" errors="0" timestamp="2023-04-14T11:34:51 IST">
  <testcase classname="testPackage.Test3" name="greeting2" time="0.007"/>
  <testcase classname="testPackage.Test3" name="greeting3" time="0.008"/>
  <testcase classname="testPackage.Test3" name="greeting3" time="0.003"/>
  <testcase classname="testPackage.Test3" name="greeting3" time="0.003"/>
</testsuite> <!-- Test -->
