<?xml version="1.0" encoding="UTF-8"?>
<!-- Generated by org.testng.reporters.JUnitXMLReporter -->
<testsuite ignored="0" hostname="DESKTOP-C65HEKO" failures="0" tests="3" name="Default test" time="5.885" errors="0" timestamp="2023-04-17T09:34:42 IST">
  <testcase classname="seleniumTest.ExtentReport" name="openBing" time="1.278"/>
  <testcase classname="seleniumTest.ExtentReport" name="openGoogle" time="2.549"/>
  <testcase classname="seleniumTest.ExtentReport" name="openWikipedia" time="1.986"/>
</testsuite> <!-- Default test -->
